
[2022-11-18 11:54:51] error Error in products.services get by IDTypeError: Cannot convert undefined or null to object
[2022-11-18 11:56:06] error Error in products.services get by IDTypeError: Cannot convert undefined or null to object
[2022-11-18 12:19:57] error Error in products.services get by IDTypeError: Cannot convert undefined or null to object
[2022-11-21 09:01:38] error Error in getProductsController TypeError: Cannot read properties of undefined (reading 'filename') 
[2022-11-21 09:08:21] error Error in getProductsController ValidationError: description: Path `description` is required. 
[2022-11-21 09:10:40] error Error in getProductsController TypeError: Cannot read properties of undefined (reading 'filename') 
[2022-11-24 16:48:35] error Error in getProductsController TypeError: Cannot read properties of undefined (reading 'filename') 
[2022-11-24 17:03:01] error Error in getProductsController TypeError: Cannot read properties of undefined (reading 'filename') 
[2022-11-24 17:40:24] error Error in PostProductsController TypeError: Cannot read properties of undefined (reading 'filename') 
[2022-11-24 17:41:08] error Error in PostProductsController TypeError: Cannot read properties of undefined (reading 'filename') 
[2022-11-24 17:41:42] error Error in PostProductsController TypeError: Cannot read properties of undefined (reading 'filename') 
[2022-11-24 17:52:02] error Error in PostProductsController TypeError: Cannot read properties of undefined (reading 'filename') 
[2022-11-24 17:55:24] error Error in PostProductsController TypeError: Cannot read properties of undefined (reading 'filename') 
[2022-11-29 07:49:12] error Error in mongoose connect Error: MongoParseError: option usecreateindex is not supported
[2022-11-29 07:49:12] error Error in mongoose connect Error: MongoParseError: option usecreateindex is not supported
[2022-11-29 07:49:12] error Error in mongoose connect Error: MongoParseError: option usecreateindex is not supported
[2022-11-29 07:50:27] error Error in mongoose connect Error: MongoParseError: option usecreateindex is not supported
[2022-11-29 07:50:27] error Error in mongoose connect Error: MongoParseError: option usecreateindex is not supported
[2022-11-29 07:50:27] error Error in mongoose connect Error: MongoParseError: option usecreateindex is not supported
[2022-11-29 07:54:23] error Error in mongoose connect Error: MongoParseError: option usecreateindex is not supported
[2022-11-29 07:54:23] error Error in mongoose connect Error: MongoParseError: option usecreateindex is not supported
[2022-11-29 07:54:23] error Error in mongoose connect Error: MongoParseError: option usecreateindex is not supported
[2022-11-29 08:31:39] error Error in mongoose connect Error: MongooseError: The `uri` parameter to `openUri()` must be a string, got "undefined". Make sure the first parameter to `mongoose.connect()` or `mongoose.createConnection()` is a string.
[2022-11-29 08:31:39] error Error in mongoose connect Error: MongooseError: The `uri` parameter to `openUri()` must be a string, got "undefined". Make sure the first parameter to `mongoose.connect()` or `mongoose.createConnection()` is a string.
[2022-11-29 08:31:39] error Error in mongoose connect Error: MongooseError: The `uri` parameter to `openUri()` must be a string, got "undefined". Make sure the first parameter to `mongoose.connect()` or `mongoose.createConnection()` is a string.
[2022-11-29 08:33:37] error Error in  loginController Error: secretOrPrivateKey must have a value 
[2022-11-29 18:55:56] error Error in  loginController ReferenceError: loginUser is not defined 
[2022-11-29 18:56:40] error Error in  loginController ReferenceError: loginUser is not defined 
